<?xml version="1.0" encoding="UTF-8"?>
<!-- Generated by org.testng.reporters.JUnitReportReporter -->
<testsuite hostname="DESKTOP-CREC3FC" failures="0" tests="3" name="frstlogintestng.login" time="7.740" errors="0" timestamp="23 Mar 2023 13:19:47 GMT">
  <testcase classname="frstlogintestng.login" name="veryUrl" time="0.017"/>
  <testcase classname="frstlogintestng.login" name="verifyTitle" time="0.011"/>
  <testcase classname="frstlogintestng.login" name="login1" time="7.712"/>
</testsuite> <!-- frstlogintestng.login -->
