<?xml version="1.0" encoding="UTF-8"?>
<!-- Generated by org.testng.reporters.JUnitReportReporter -->
<testsuite hostname="DESKTOP-CREC3FC" failures="0" tests="1" name="secondloginTESTNG.verylogin" time="5.552" errors="0" timestamp="29 Mar 2023 04:05:01 GMT">
  <testcase classname="secondloginTESTNG.verylogin" name="login" time="5.552"/>
</testsuite> <!-- secondloginTESTNG.verylogin -->
