<?xml version="1.0" encoding="UTF-8"?>
<!-- Generated by org.testng.reporters.JUnitReportReporter -->
<testsuite hostname="DESKTOP-CREC3FC" failures="0" tests="1" name="secondloginTESTNG.url" time="0.093" errors="0" timestamp="29 Mar 2023 04:05:01 GMT">
  <testcase classname="secondloginTESTNG.url" name="urls" time="0.093"/>
</testsuite> <!-- secondloginTESTNG.url -->
